
SQL*Loader: Release 11.2.0.2.0 - Production on Mon Apr 15 20:46:11 2024

Copyright (c) 1982, 2009, Oracle and/or its affiliates.  All rights reserved.

Control File:   artist.ctl
Data File:      ../data/csv/artists.csv
  Bad File:     artists.bad
  Discard File:  none specified
 
 (Allow all discards)

Number to load: ALL
Number to skip: 0
Errors allowed: 50
Bind array:     64 rows, maximum of 256000 bytes
Continuation:    none specified
Path used:      Conventional

Table ARTIST, loaded from every logical record.
Insert option in effect for this table: INSERT

   Column Name                  Position   Len  Term Encl Datatype
------------------------------ ---------- ----- ---- ---- ---------------------
ARTIST_ID                           FIRST     *   ,  O(") CHARACTER            
ARTIST_NAME                          NEXT     *   ,  O(") CHARACTER            

Record 21539: Rejected - Error on table ARTIST, column ARTIST_NAME.
Column not found before end of logical record (use TRAILING NULLCOLS)

Table ARTIST:
  29532 Rows successfully loaded.
  1 Row not loaded due to data errors.
  0 Rows not loaded because all WHEN clauses were failed.
  0 Rows not loaded because all fields were null.


Space allocated for bind array:                  33024 bytes(64 rows)
Read   buffer bytes: 1048576

Total logical records skipped:          0
Total logical records read:         29533
Total logical records rejected:         1
Total logical records discarded:        0

Run began on Mon Apr 15 20:46:11 2024
Run ended on Mon Apr 15 20:46:12 2024

Elapsed time was:     00:00:01.27
CPU time was:         00:00:00.04
