
SQL*Loader: Release 11.2.0.2.0 - Production on Sun Apr 21 21:37:16 2024

Copyright (c) 1982, 2009, Oracle and/or its affiliates.  All rights reserved.

Control File:   genre.ctl
Data File:      ../data/csv/genres.csv
  Bad File:     genres.bad
  Discard File:  none specified
 
 (Allow all discards)

Number to load: ALL
Number to skip: 0
Errors allowed: 50
Bind array:     64 rows, maximum of 256000 bytes
Continuation:    none specified
Path used:      Conventional

Table GENRE, loaded from every logical record.
Insert option in effect for this table: INSERT

   Column Name                  Position   Len  Term Encl Datatype
------------------------------ ---------- ----- ---- ---- ---------------------
GENRE_ID                            FIRST     *   ,  O(") CHARACTER            
GENRE_NAME                           NEXT     *   ,  O(") CHARACTER            


Table GENRE:
  1385 Rows successfully loaded.
  0 Rows not loaded due to data errors.
  0 Rows not loaded because all WHEN clauses were failed.
  0 Rows not loaded because all fields were null.


Space allocated for bind array:                  33024 bytes(64 rows)
Read   buffer bytes: 1048576

Total logical records skipped:          0
Total logical records read:          1385
Total logical records rejected:         0
Total logical records discarded:        0

Run began on Sun Apr 21 21:37:16 2024
Run ended on Sun Apr 21 21:37:16 2024

Elapsed time was:     00:00:00.06
CPU time was:         00:00:00.01
